This file contains any messages produced by compilers while
running configure, to aid debugging if configure makes a mistake.

It was created by htop configure 2.2.0, which was
generated by GNU Autoconf 2.69.  Invocation command line was

  $ ./configure 

## --------- ##
## Platform. ##
## --------- ##

hostname = localhost.localdomain
uname -m = x86_64
uname -r = 3.10.0-1160.el7.x86_64
uname -s = Linux
uname -v = #1 SMP Mon Oct 19 16:18:59 UTC 2020

/usr/bin/uname -p = x86_64
/bin/uname -X     = unknown

/bin/arch              = x86_64
/usr/bin/arch -k       = unknown
/usr/convex/getsysinfo = unknown
/usr/bin/hostinfo      = unknown
/bin/machine           = unknown
/usr/bin/oslevel       = unknown
/bin/universe          = unknown

PATH: /usr/local/bin
PATH: /usr/local/sbin
PATH: /usr/bin
PATH: /usr/sbin
PATH: /bin
PATH: /sbin
PATH: /home/user/.local/bin
PATH: /home/user/bin


## ----------- ##
## Core tests. ##
## ----------- ##

configure:2332: checking build system type
configure:2346: result: x86_64-unknown-linux-gnu
configure:2366: checking host system type
configure:2379: result: x86_64-unknown-linux-gnu
configure:2399: checking target system type
configure:2412: result: x86_64-unknown-linux-gnu
configure:2455: checking for a BSD-compatible install
configure:2523: result: /usr/bin/install -c
configure:2534: checking whether build environment is sane
configure:2589: result: yes
configure:2740: checking for a thread-safe mkdir -p
configure:2779: result: /usr/bin/mkdir -p
configure:2786: checking for gawk
configure:2802: found /usr/bin/gawk
configure:2813: result: gawk
configure:2824: checking whether make sets $(MAKE)
configure:2846: result: yes
configure:2875: checking whether make supports nested variables
configure:2892: result: yes
configure:3069: checking for gcc
configure:3085: found /usr/bin/gcc
configure:3096: result: gcc
configure:3325: checking for C compiler version
configure:3334: gcc --version >&5
gcc (GCC) 4.8.5 20150623 (Red Hat 4.8.5-44)
Copyright (C) 2015 Free Software Foundation, Inc.
This is free software; see the source for copying conditions.  There is NO
warranty; not even for MERCHANTABILITY or FITNESS FOR A PARTICULAR PURPOSE.

configure:3345: $? = 0
configure:3334: gcc -v >&5
Using built-in specs.
COLLECT_GCC=gcc
COLLECT_LTO_WRAPPER=/usr/libexec/gcc/x86_64-redhat-linux/4.8.5/lto-wrapper
Target: x86_64-redhat-linux
Configured with: ../configure --prefix=/usr --mandir=/usr/share/man --infodir=/usr/share/info --with-bugurl=http://bugzilla.redhat.com/bugzilla --enable-bootstrap --enable-shared --enable-threads=posix --enable-checking=release --with-system-zlib --enable-__cxa_atexit --disable-libunwind-exceptions --enable-gnu-unique-object --enable-linker-build-id --with-linker-hash-style=gnu --enable-languages=c,c++,objc,obj-c++,java,fortran,ada,go,lto --enable-plugin --enable-initfini-array --disable-libgcj --with-isl=/builddir/build/BUILD/gcc-4.8.5-20150702/obj-x86_64-redhat-linux/isl-install --with-cloog=/builddir/build/BUILD/gcc-4.8.5-20150702/obj-x86_64-redhat-linux/cloog-install --enable-gnu-indirect-function --with-tune=generic --with-arch_32=x86-64 --build=x86_64-redhat-linux
Thread model: posix
gcc version 4.8.5 20150623 (Red Hat 4.8.5-44) (GCC) 
configure:3345: $? = 0
configure:3334: gcc -V >&5
gcc: error: unrecognized command line option '-V'
gcc: fatal error: no input files
compilation terminated.
configure:3345: $? = 4
configure:3334: gcc -qversion >&5
gcc: error: unrecognized command line option '-qversion'
gcc: fatal error: no input files
compilation terminated.
configure:3345: $? = 4
configure:3365: checking whether the C compiler works
configure:3387: gcc    conftest.c  >&5
configure:3391: $? = 0
configure:3439: result: yes
configure:3442: checking for C compiler default output file name
configure:3444: result: a.out
configure:3450: checking for suffix of executables
configure:3457: gcc -o conftest    conftest.c  >&5
configure:3461: $? = 0
configure:3483: result: 
configure:3505: checking whether we are cross compiling
configure:3513: gcc -o conftest    conftest.c  >&5
configure:3517: $? = 0
configure:3524: ./conftest
configure:3528: $? = 0
configure:3543: result: no
configure:3548: checking for suffix of object files
configure:3570: gcc -c   conftest.c >&5
configure:3574: $? = 0
configure:3595: result: o
configure:3599: checking whether we are using the GNU C compiler
configure:3618: gcc -c   conftest.c >&5
configure:3618: $? = 0
configure:3627: result: yes
configure:3636: checking whether gcc accepts -g
configure:3656: gcc -c -g  conftest.c >&5
configure:3656: $? = 0
configure:3697: result: yes
configure:3714: checking for gcc option to accept ISO C89
configure:3777: gcc  -c -g -O2  conftest.c >&5
configure:3777: $? = 0
configure:3790: result: none needed
configure:3815: checking whether gcc understands -c and -o together
configure:3837: gcc -c conftest.c -o conftest2.o
configure:3840: $? = 0
configure:3837: gcc -c conftest.c -o conftest2.o
configure:3840: $? = 0
configure:3852: result: yes
configure:3880: checking for style of include used by make
configure:3908: result: GNU
configure:3934: checking dependency style of gcc
configure:4045: result: gcc3
configure:4069: checking how to run the C preprocessor
configure:4100: gcc -E  conftest.c
configure:4100: $? = 0
configure:4114: gcc -E  conftest.c
conftest.c:11:28: fatal error: ac_nonexistent.h: No such file or directory
 #include <ac_nonexistent.h>
                            ^
compilation terminated.
configure:4114: $? = 1
configure: failed program was:
| /* confdefs.h */
| #define PACKAGE_NAME "htop"
| #define PACKAGE_TARNAME "htop"
| #define PACKAGE_VERSION "2.2.0"
| #define PACKAGE_STRING "htop 2.2.0"
| #define PACKAGE_BUGREPORT "hisham@gobolinux.org"
| #define PACKAGE_URL ""
| #define PACKAGE "htop"
| #define VERSION "2.2.0"
| /* end confdefs.h.  */
| #include <ac_nonexistent.h>
configure:4139: result: gcc -E
configure:4159: gcc -E  conftest.c
configure:4159: $? = 0
configure:4173: gcc -E  conftest.c
conftest.c:11:28: fatal error: ac_nonexistent.h: No such file or directory
 #include <ac_nonexistent.h>
                            ^
compilation terminated.
configure:4173: $? = 1
configure: failed program was:
| /* confdefs.h */
| #define PACKAGE_NAME "htop"
| #define PACKAGE_TARNAME "htop"
| #define PACKAGE_VERSION "2.2.0"
| #define PACKAGE_STRING "htop 2.2.0"
| #define PACKAGE_BUGREPORT "hisham@gobolinux.org"
| #define PACKAGE_URL ""
| #define PACKAGE "htop"
| #define VERSION "2.2.0"
| /* end confdefs.h.  */
| #include <ac_nonexistent.h>
configure:4202: checking for grep that handles long lines and -e
configure:4260: result: /usr/bin/grep
configure:4265: checking for egrep
configure:4327: result: /usr/bin/grep -E
configure:4332: checking for ANSI C header files
configure:4352: gcc -c -g -O2  conftest.c >&5
configure:4352: $? = 0
configure:4425: gcc -o conftest -g -O2   conftest.c  >&5
configure:4425: $? = 0
configure:4425: ./conftest
configure:4425: $? = 0
configure:4436: result: yes
configure:4449: checking for sys/types.h
configure:4449: gcc -c -g -O2  conftest.c >&5
configure:4449: $? = 0
configure:4449: result: yes
configure:4449: checking for sys/stat.h
configure:4449: gcc -c -g -O2  conftest.c >&5
configure:4449: $? = 0
configure:4449: result: yes
configure:4449: checking for stdlib.h
configure:4449: gcc -c -g -O2  conftest.c >&5
configure:4449: $? = 0
configure:4449: result: yes
configure:4449: checking for string.h
configure:4449: gcc -c -g -O2  conftest.c >&5
configure:4449: $? = 0
configure:4449: result: yes
configure:4449: checking for memory.h
configure:4449: gcc -c -g -O2  conftest.c >&5
configure:4449: $? = 0
configure:4449: result: yes
configure:4449: checking for strings.h
configure:4449: gcc -c -g -O2  conftest.c >&5
configure:4449: $? = 0
configure:4449: result: yes
configure:4449: checking for inttypes.h
configure:4449: gcc -c -g -O2  conftest.c >&5
configure:4449: $? = 0
configure:4449: result: yes
configure:4449: checking for stdint.h
configure:4449: gcc -c -g -O2  conftest.c >&5
configure:4449: $? = 0
configure:4449: result: yes
configure:4449: checking for unistd.h
configure:4449: gcc -c -g -O2  conftest.c >&5
configure:4449: $? = 0
configure:4449: result: yes
configure:4462: checking minix/config.h usability
configure:4462: gcc -c -g -O2  conftest.c >&5
conftest.c:54:26: fatal error: minix/config.h: No such file or directory
 #include <minix/config.h>
                          ^
compilation terminated.
configure:4462: $? = 1
configure: failed program was:
| /* confdefs.h */
| #define PACKAGE_NAME "htop"
| #define PACKAGE_TARNAME "htop"
| #define PACKAGE_VERSION "2.2.0"
| #define PACKAGE_STRING "htop 2.2.0"
| #define PACKAGE_BUGREPORT "hisham@gobolinux.org"
| #define PACKAGE_URL ""
| #define PACKAGE "htop"
| #define VERSION "2.2.0"
| #define STDC_HEADERS 1
| #define HAVE_SYS_TYPES_H 1
| #define HAVE_SYS_STAT_H 1
| #define HAVE_STDLIB_H 1
| #define HAVE_STRING_H 1
| #define HAVE_MEMORY_H 1
| #define HAVE_STRINGS_H 1
| #define HAVE_INTTYPES_H 1
| #define HAVE_STDINT_H 1
| #define HAVE_UNISTD_H 1
| /* end confdefs.h.  */
| #include <stdio.h>
| #ifdef HAVE_SYS_TYPES_H
| # include <sys/types.h>
| #endif
| #ifdef HAVE_SYS_STAT_H
| # include <sys/stat.h>
| #endif
| #ifdef STDC_HEADERS
| # include <stdlib.h>
| # include <stddef.h>
| #else
| # ifdef HAVE_STDLIB_H
| #  include <stdlib.h>
| # endif
| #endif
| #ifdef HAVE_STRING_H
| # if !defined STDC_HEADERS && defined HAVE_MEMORY_H
| #  include <memory.h>
| # endif
| # include <string.h>
| #endif
| #ifdef HAVE_STRINGS_H
| # include <strings.h>
| #endif
| #ifdef HAVE_INTTYPES_H
| # include <inttypes.h>
| #endif
| #ifdef HAVE_STDINT_H
| # include <stdint.h>
| #endif
| #ifdef HAVE_UNISTD_H
| # include <unistd.h>
| #endif
| #include <minix/config.h>
configure:4462: result: no
configure:4462: checking minix/config.h presence
configure:4462: gcc -E  conftest.c
conftest.c:21:26: fatal error: minix/config.h: No such file or directory
 #include <minix/config.h>
                          ^
compilation terminated.
configure:4462: $? = 1
configure: failed program was:
| /* confdefs.h */
| #define PACKAGE_NAME "htop"
| #define PACKAGE_TARNAME "htop"
| #define PACKAGE_VERSION "2.2.0"
| #define PACKAGE_STRING "htop 2.2.0"
| #define PACKAGE_BUGREPORT "hisham@gobolinux.org"
| #define PACKAGE_URL ""
| #define PACKAGE "htop"
| #define VERSION "2.2.0"
| #define STDC_HEADERS 1
| #define HAVE_SYS_TYPES_H 1
| #define HAVE_SYS_STAT_H 1
| #define HAVE_STDLIB_H 1
| #define HAVE_STRING_H 1
| #define HAVE_MEMORY_H 1
| #define HAVE_STRINGS_H 1
| #define HAVE_INTTYPES_H 1
| #define HAVE_STDINT_H 1
| #define HAVE_UNISTD_H 1
| /* end confdefs.h.  */
| #include <minix/config.h>
configure:4462: result: no
configure:4462: checking for minix/config.h
configure:4462: result: no
configure:4483: checking whether it is safe to define __EXTENSIONS__
configure:4501: gcc -c -g -O2  conftest.c >&5
configure:4501: $? = 0
configure:4508: result: yes
configure:4551: checking for ceil in -lm
configure:4576: gcc -o conftest -g -O2   conftest.c -lm   >&5
conftest.c:33:6: warning: conflicting types for built-in function 'ceil' [enabled by default]
 char ceil ();
      ^
configure:4576: $? = 0
configure:4585: result: yes
configure:4604: checking for dirent.h that defines DIR
configure:4623: gcc -c -g -O2  conftest.c >&5
configure:4623: $? = 0
configure:4631: result: yes
configure:4644: checking for library containing opendir
configure:4675: gcc -o conftest -g -O2   conftest.c -lm  >&5
configure:4675: $? = 0
configure:4692: result: none required
configure:4759: checking for ANSI C header files
configure:4863: result: yes
configure:4874: checking for stdlib.h
configure:4874: result: yes
configure:4874: checking for string.h
configure:4874: result: yes
configure:4874: checking for strings.h
configure:4874: result: yes
configure:4874: checking sys/param.h usability
configure:4874: gcc -c -g -O2  conftest.c >&5
configure:4874: $? = 0
configure:4874: result: yes
configure:4874: checking sys/param.h presence
configure:4874: gcc -E  conftest.c
configure:4874: $? = 0
configure:4874: result: yes
configure:4874: checking for sys/param.h
configure:4874: result: yes
configure:4874: checking sys/time.h usability
configure:4874: gcc -c -g -O2  conftest.c >&5
configure:4874: $? = 0
configure:4874: result: yes
configure:4874: checking sys/time.h presence
configure:4874: gcc -E  conftest.c
configure:4874: $? = 0
configure:4874: result: yes
configure:4874: checking for sys/time.h
configure:4874: result: yes
configure:4874: checking for unistd.h
configure:4874: result: yes
configure:4890: checking execinfo.h usability
configure:4890: gcc -c -g -O2  conftest.c >&5
configure:4890: $? = 0
configure:4890: result: yes
configure:4890: checking execinfo.h presence
configure:4890: gcc -E  conftest.c
configure:4890: $? = 0
configure:4890: result: yes
configure:4890: checking for execinfo.h
configure:4890: result: yes
configure:4903: checking whether sys/types.h defines makedev
configure:4919: gcc -o conftest -g -O2   conftest.c -lm  >&5
configure:4919: $? = 0
configure:4928: result: yes
configure:4966: checking for stdbool.h that conforms to C99
configure:5033: gcc -c -g -O2  conftest.c >&5
configure:5033: $? = 0
configure:5040: result: yes
configure:5042: checking for _Bool
configure:5042: gcc -c -g -O2  conftest.c >&5
configure:5042: $? = 0
configure:5042: gcc -c -g -O2  conftest.c >&5
conftest.c: In function 'main':
conftest.c:72:20: error: expected expression before ')' token
 if (sizeof ((_Bool)))
                    ^
configure:5042: $? = 1
configure: failed program was:
| /* confdefs.h */
| #define PACKAGE_NAME "htop"
| #define PACKAGE_TARNAME "htop"
| #define PACKAGE_VERSION "2.2.0"
| #define PACKAGE_STRING "htop 2.2.0"
| #define PACKAGE_BUGREPORT "hisham@gobolinux.org"
| #define PACKAGE_URL ""
| #define PACKAGE "htop"
| #define VERSION "2.2.0"
| #define STDC_HEADERS 1
| #define HAVE_SYS_TYPES_H 1
| #define HAVE_SYS_STAT_H 1
| #define HAVE_STDLIB_H 1
| #define HAVE_STRING_H 1
| #define HAVE_MEMORY_H 1
| #define HAVE_STRINGS_H 1
| #define HAVE_INTTYPES_H 1
| #define HAVE_STDINT_H 1
| #define HAVE_UNISTD_H 1
| #define __EXTENSIONS__ 1
| #define _ALL_SOURCE 1
| #define _GNU_SOURCE 1
| #define _POSIX_PTHREAD_SEMANTICS 1
| #define _TANDEM_SOURCE 1
| #define HAVE_LIBM 1
| #define HAVE_DIRENT_H 1
| #define STDC_HEADERS 1
| #define HAVE_STDLIB_H 1
| #define HAVE_STRING_H 1
| #define HAVE_STRINGS_H 1
| #define HAVE_SYS_PARAM_H 1
| #define HAVE_SYS_TIME_H 1
| #define HAVE_UNISTD_H 1
| #define HAVE_EXECINFO_H 1
| /* end confdefs.h.  */
| #include <stdio.h>
| #ifdef HAVE_SYS_TYPES_H
| # include <sys/types.h>
| #endif
| #ifdef HAVE_SYS_STAT_H
| # include <sys/stat.h>
| #endif
| #ifdef STDC_HEADERS
| # include <stdlib.h>
| # include <stddef.h>
| #else
| # ifdef HAVE_STDLIB_H
| #  include <stdlib.h>
| # endif
| #endif
| #ifdef HAVE_STRING_H
| # if !defined STDC_HEADERS && defined HAVE_MEMORY_H
| #  include <memory.h>
| # endif
| # include <string.h>
| #endif
| #ifdef HAVE_STRINGS_H
| # include <strings.h>
| #endif
| #ifdef HAVE_INTTYPES_H
| # include <inttypes.h>
| #endif
| #ifdef HAVE_STDINT_H
| # include <stdint.h>
| #endif
| #ifdef HAVE_UNISTD_H
| # include <unistd.h>
| #endif
| int
| main ()
| {
| if (sizeof ((_Bool)))
| 	    return 0;
|   ;
|   return 0;
| }
configure:5042: result: yes
configure:5059: checking for an ANSI C-conforming const
configure:5125: gcc -c -g -O2  conftest.c >&5
configure:5125: $? = 0
configure:5132: result: yes
configure:5140: checking for pid_t
configure:5140: gcc -c -g -O2  conftest.c >&5
configure:5140: $? = 0
configure:5140: gcc -c -g -O2  conftest.c >&5
conftest.c: In function 'main':
conftest.c:74:20: error: expected expression before ')' token
 if (sizeof ((pid_t)))
                    ^
configure:5140: $? = 1
configure: failed program was:
| /* confdefs.h */
| #define PACKAGE_NAME "htop"
| #define PACKAGE_TARNAME "htop"
| #define PACKAGE_VERSION "2.2.0"
| #define PACKAGE_STRING "htop 2.2.0"
| #define PACKAGE_BUGREPORT "hisham@gobolinux.org"
| #define PACKAGE_URL ""
| #define PACKAGE "htop"
| #define VERSION "2.2.0"
| #define STDC_HEADERS 1
| #define HAVE_SYS_TYPES_H 1
| #define HAVE_SYS_STAT_H 1
| #define HAVE_STDLIB_H 1
| #define HAVE_STRING_H 1
| #define HAVE_MEMORY_H 1
| #define HAVE_STRINGS_H 1
| #define HAVE_INTTYPES_H 1
| #define HAVE_STDINT_H 1
| #define HAVE_UNISTD_H 1
| #define __EXTENSIONS__ 1
| #define _ALL_SOURCE 1
| #define _GNU_SOURCE 1
| #define _POSIX_PTHREAD_SEMANTICS 1
| #define _TANDEM_SOURCE 1
| #define HAVE_LIBM 1
| #define HAVE_DIRENT_H 1
| #define STDC_HEADERS 1
| #define HAVE_STDLIB_H 1
| #define HAVE_STRING_H 1
| #define HAVE_STRINGS_H 1
| #define HAVE_SYS_PARAM_H 1
| #define HAVE_SYS_TIME_H 1
| #define HAVE_UNISTD_H 1
| #define HAVE_EXECINFO_H 1
| #define HAVE__BOOL 1
| #define HAVE_STDBOOL_H 1
| /* end confdefs.h.  */
| #include <stdio.h>
| #ifdef HAVE_SYS_TYPES_H
| # include <sys/types.h>
| #endif
| #ifdef HAVE_SYS_STAT_H
| # include <sys/stat.h>
| #endif
| #ifdef STDC_HEADERS
| # include <stdlib.h>
| # include <stddef.h>
| #else
| # ifdef HAVE_STDLIB_H
| #  include <stdlib.h>
| # endif
| #endif
| #ifdef HAVE_STRING_H
| # if !defined STDC_HEADERS && defined HAVE_MEMORY_H
| #  include <memory.h>
| # endif
| # include <string.h>
| #endif
| #ifdef HAVE_STRINGS_H
| # include <strings.h>
| #endif
| #ifdef HAVE_INTTYPES_H
| # include <inttypes.h>
| #endif
| #ifdef HAVE_STDINT_H
| # include <stdint.h>
| #endif
| #ifdef HAVE_UNISTD_H
| # include <unistd.h>
| #endif
| int
| main ()
| {
| if (sizeof ((pid_t)))
| 	    return 0;
|   ;
|   return 0;
| }
configure:5140: result: yes
configure:5151: checking for uid_t in sys/types.h
configure:5170: result: yes
configure:5184: checking whether closedir returns void
configure:5208: gcc -o conftest -g -O2   conftest.c -lm  >&5
configure:5208: $? = 0
configure:5208: ./conftest
configure:5208: $? = 0
configure:5218: result: no
configure:5226: checking return type of signal handlers
configure:5244: gcc -c -g -O2  conftest.c >&5
conftest.c: In function 'main':
conftest.c:44:1: error: void value not ignored as it ought to be
 return *(signal (0, 0)) (0) == 1;
 ^
configure:5244: $? = 1
configure: failed program was:
| /* confdefs.h */
| #define PACKAGE_NAME "htop"
| #define PACKAGE_TARNAME "htop"
| #define PACKAGE_VERSION "2.2.0"
| #define PACKAGE_STRING "htop 2.2.0"
| #define PACKAGE_BUGREPORT "hisham@gobolinux.org"
| #define PACKAGE_URL ""
| #define PACKAGE "htop"
| #define VERSION "2.2.0"
| #define STDC_HEADERS 1
| #define HAVE_SYS_TYPES_H 1
| #define HAVE_SYS_STAT_H 1
| #define HAVE_STDLIB_H 1
| #define HAVE_STRING_H 1
| #define HAVE_MEMORY_H 1
| #define HAVE_STRINGS_H 1
| #define HAVE_INTTYPES_H 1
| #define HAVE_STDINT_H 1
| #define HAVE_UNISTD_H 1
| #define __EXTENSIONS__ 1
| #define _ALL_SOURCE 1
| #define _GNU_SOURCE 1
| #define _POSIX_PTHREAD_SEMANTICS 1
| #define _TANDEM_SOURCE 1
| #define HAVE_LIBM 1
| #define HAVE_DIRENT_H 1
| #define STDC_HEADERS 1
| #define HAVE_STDLIB_H 1
| #define HAVE_STRING_H 1
| #define HAVE_STRINGS_H 1
| #define HAVE_SYS_PARAM_H 1
| #define HAVE_SYS_TIME_H 1
| #define HAVE_UNISTD_H 1
| #define HAVE_EXECINFO_H 1
| #define HAVE__BOOL 1
| #define HAVE_STDBOOL_H 1
| /* end confdefs.h.  */
| #include <sys/types.h>
| #include <signal.h>
| 
| int
| main ()
| {
| return *(signal (0, 0)) (0) == 1;
|   ;
|   return 0;
| }
configure:5251: result: void
configure:5259: checking whether lstat correctly handles trailing slash
configure:5285: gcc -o conftest -g -O2   conftest.c -lm  >&5
configure:5285: $? = 0
configure:5285: ./conftest
configure:5285: $? = 0
configure:5302: result: yes
configure:5321: checking whether stat accepts an empty string
configure:5341: gcc -o conftest -g -O2   conftest.c -lm  >&5
configure:5341: $? = 0
configure:5341: ./conftest
configure:5341: $? = 0
configure:5351: result: no
configure:5370: checking for memmove
configure:5370: gcc -o conftest -g -O2   conftest.c -lm  >&5
conftest.c:63:6: warning: conflicting types for built-in function 'memmove' [enabled by default]
 char memmove ();
      ^
configure:5370: $? = 0
configure:5370: result: yes
configure:5370: checking for strncasecmp
configure:5370: gcc -o conftest -g -O2   conftest.c -lm  >&5
conftest.c:64:6: warning: conflicting types for built-in function 'strncasecmp' [enabled by default]
 char strncasecmp ();
      ^
configure:5370: $? = 0
configure:5370: result: yes
configure:5370: checking for strstr
configure:5370: gcc -o conftest -g -O2   conftest.c -lm  >&5
conftest.c:65:6: warning: conflicting types for built-in function 'strstr' [enabled by default]
 char strstr ();
      ^
configure:5370: $? = 0
configure:5370: result: yes
configure:5370: checking for strdup
configure:5370: gcc -o conftest -g -O2   conftest.c -lm  >&5
conftest.c:66:6: warning: conflicting types for built-in function 'strdup' [enabled by default]
 char strdup ();
      ^
configure:5370: $? = 0
configure:5370: result: yes
configure:5382: checking whether gcc -std=c99 option works
configure:5395: gcc -c -g -O2 -std=c99  conftest.c >&5
configure:5395: $? = 0
configure:5396: result: yes
configure:5406: checking if compiler supports -Wextra
configure:5419: gcc -c -g -O2 -Wextra  conftest.c >&5
configure:5419: $? = 0
configure:5422: result: yes
configure:5757: checking for addnwstr in -lncursesw
configure:5782: gcc -o conftest  -g -O2  -lncursesw -ltinfo  conftest.c -lncursesw  -lm  >&5
configure:5782: $? = 0
configure:5791: result: yes
configure:6036: checking ncursesw/curses.h usability
configure:6036: gcc -c  -g -O2  conftest.c >&5
configure:6036: $? = 0
configure:6036: result: yes
configure:6036: checking ncursesw/curses.h presence
configure:6036: gcc -E  conftest.c
configure:6036: $? = 0
configure:6036: result: yes
configure:6036: checking for ncursesw/curses.h
configure:6036: result: yes
configure:6634: checking for usable sched_setaffinity
configure:6662: gcc -o conftest  -g -O2   conftest.c -lncursesw -ltinfo -lm   >&5
configure:6662: $? = 0
configure:6662: ./conftest
configure:6662: $? = 0
configure:6663: result: yes
configure:7233: checking that generated files are newer than configure
configure:7239: result: done
configure:7290: creating ./config.status

## ---------------------- ##
## Running config.status. ##
## ---------------------- ##

This file was extended by htop config.status 2.2.0, which was
generated by GNU Autoconf 2.69.  Invocation command line was

  CONFIG_FILES    = 
  CONFIG_HEADERS  = 
  CONFIG_LINKS    = 
  CONFIG_COMMANDS = 
  $ ./config.status 

on localhost.localdomain

config.status:917: creating Makefile
config.status:917: creating htop.1
config.status:917: creating config.h
config.status:1146: executing depfiles commands

## ---------------- ##
## Cache variables. ##
## ---------------- ##

ac_cv_build=x86_64-unknown-linux-gnu
ac_cv_c_compiler_gnu=yes
ac_cv_c_const=yes
ac_cv_env_CC_set=
ac_cv_env_CC_value=
ac_cv_env_CFLAGS_set=
ac_cv_env_CFLAGS_value=
ac_cv_env_CPPFLAGS_set=
ac_cv_env_CPPFLAGS_value=
ac_cv_env_CPP_set=
ac_cv_env_CPP_value=
ac_cv_env_LDFLAGS_set=
ac_cv_env_LDFLAGS_value=
ac_cv_env_LIBNL3GENL_CFLAGS_set=
ac_cv_env_LIBNL3GENL_CFLAGS_value=
ac_cv_env_LIBNL3GENL_LIBS_set=
ac_cv_env_LIBNL3GENL_LIBS_value=
ac_cv_env_LIBNL3_CFLAGS_set=
ac_cv_env_LIBNL3_CFLAGS_value=
ac_cv_env_LIBNL3_LIBS_set=
ac_cv_env_LIBNL3_LIBS_value=
ac_cv_env_LIBS_set=
ac_cv_env_LIBS_value=
ac_cv_env_PKG_CONFIG_LIBDIR_set=
ac_cv_env_PKG_CONFIG_LIBDIR_value=
ac_cv_env_PKG_CONFIG_PATH_set=
ac_cv_env_PKG_CONFIG_PATH_value=
ac_cv_env_PKG_CONFIG_set=
ac_cv_env_PKG_CONFIG_value=
ac_cv_env_build_alias_set=
ac_cv_env_build_alias_value=
ac_cv_env_host_alias_set=
ac_cv_env_host_alias_value=
ac_cv_env_target_alias_set=
ac_cv_env_target_alias_value=
ac_cv_func_closedir_void=no
ac_cv_func_lstat_dereferences_slashed_symlink=yes
ac_cv_func_memmove=yes
ac_cv_func_stat_empty_string_bug=no
ac_cv_func_strdup=yes
ac_cv_func_strncasecmp=yes
ac_cv_func_strstr=yes
ac_cv_header_dirent_dirent_h=yes
ac_cv_header_execinfo_h=yes
ac_cv_header_inttypes_h=yes
ac_cv_header_memory_h=yes
ac_cv_header_minix_config_h=no
ac_cv_header_ncursesw_curses_h=yes
ac_cv_header_stdbool_h=yes
ac_cv_header_stdc=yes
ac_cv_header_stdint_h=yes
ac_cv_header_stdlib_h=yes
ac_cv_header_string_h=yes
ac_cv_header_strings_h=yes
ac_cv_header_sys_param_h=yes
ac_cv_header_sys_stat_h=yes
ac_cv_header_sys_time_h=yes
ac_cv_header_sys_types_h=yes
ac_cv_header_sys_types_h_makedev=yes
ac_cv_header_unistd_h=yes
ac_cv_host=x86_64-unknown-linux-gnu
ac_cv_lib_m_ceil=yes
ac_cv_lib_ncursesw_addnwstr=yes
ac_cv_objext=o
ac_cv_path_EGREP='/usr/bin/grep -E'
ac_cv_path_GREP=/usr/bin/grep
ac_cv_path_install='/usr/bin/install -c'
ac_cv_path_mkdir=/usr/bin/mkdir
ac_cv_prog_AWK=gawk
ac_cv_prog_CPP='gcc -E'
ac_cv_prog_ac_ct_CC=gcc
ac_cv_prog_cc_c89=
ac_cv_prog_cc_g=yes
ac_cv_prog_make_make_set=yes
ac_cv_safe_to_define___extensions__=yes
ac_cv_search_opendir='none required'
ac_cv_target=x86_64-unknown-linux-gnu
ac_cv_type__Bool=yes
ac_cv_type_pid_t=yes
ac_cv_type_signal=void
ac_cv_type_uid_t=yes
am_cv_CC_dependencies_compiler_type=gcc3
am_cv_make_support_nested_variables=yes
am_cv_prog_cc_c_o=yes

## ----------------- ##
## Output variables. ##
## ----------------- ##

ACLOCAL='${SHELL} /home/user/htop-2.2.0/missing aclocal-1.15'
AMDEPBACKSLASH='\'
AMDEP_FALSE='#'
AMDEP_TRUE=''
AMTAR='$${TAR-tar}'
AM_BACKSLASH='\'
AM_DEFAULT_V='$(AM_DEFAULT_VERBOSITY)'
AM_DEFAULT_VERBOSITY='1'
AM_V='$(V)'
AUTOCONF='${SHELL} /home/user/htop-2.2.0/missing autoconf'
AUTOHEADER='${SHELL} /home/user/htop-2.2.0/missing autoheader'
AUTOMAKE='${SHELL} /home/user/htop-2.2.0/missing automake-1.15'
AWK='gawk'
CC='gcc'
CCDEPMODE='depmode=gcc3'
CFLAGS=' -g -O2'
CPP='gcc -E'
CPPFLAGS=''
CYGPATH_W='echo'
DEFS='-DHAVE_CONFIG_H'
DEPDIR='.deps'
ECHO_C=''
ECHO_N='-n'
ECHO_T=''
EGREP='/usr/bin/grep -E'
EXEEXT=''
GREP='/usr/bin/grep'
HTOP_DARWIN_FALSE=''
HTOP_DARWIN_TRUE='#'
HTOP_DRAGONFLYBSD_FALSE=''
HTOP_DRAGONFLYBSD_TRUE='#'
HTOP_FREEBSD_FALSE=''
HTOP_FREEBSD_TRUE='#'
HTOP_LINUX_FALSE='#'
HTOP_LINUX_TRUE=''
HTOP_OPENBSD_FALSE=''
HTOP_OPENBSD_TRUE='#'
HTOP_SOLARIS_FALSE=''
HTOP_SOLARIS_TRUE='#'
HTOP_UNSUPPORTED_FALSE=''
HTOP_UNSUPPORTED_TRUE='#'
INSTALL_DATA='${INSTALL} -m 644'
INSTALL_PROGRAM='${INSTALL}'
INSTALL_SCRIPT='${INSTALL}'
INSTALL_STRIP_PROGRAM='$(install_sh) -c -s'
LDFLAGS=''
LIBNL3GENL_CFLAGS=''
LIBNL3GENL_LIBS=''
LIBNL3_CFLAGS=''
LIBNL3_LIBS=''
LIBOBJS=''
LIBS='-lncursesw -ltinfo -lm  '
LTLIBOBJS=''
MAKEINFO='${SHELL} /home/user/htop-2.2.0/missing makeinfo'
MKDIR_P='/usr/bin/mkdir -p'
OBJEXT='o'
PACKAGE='htop'
PACKAGE_BUGREPORT='hisham@gobolinux.org'
PACKAGE_NAME='htop'
PACKAGE_STRING='htop 2.2.0'
PACKAGE_TARNAME='htop'
PACKAGE_URL=''
PACKAGE_VERSION='2.2.0'
PATH_SEPARATOR=':'
PKG_CONFIG=''
PKG_CONFIG_LIBDIR=''
PKG_CONFIG_PATH=''
SET_MAKE=''
SHELL='/bin/sh'
STRIP=''
VERSION='2.2.0'
ac_ct_CC='gcc'
am__EXEEXT_FALSE=''
am__EXEEXT_TRUE='#'
am__fastdepCC_FALSE='#'
am__fastdepCC_TRUE=''
am__include='include'
am__isrc=''
am__leading_dot='.'
am__nodep='_no'
am__quote=''
am__tar='$${TAR-tar} chof - "$$tardir"'
am__untar='$${TAR-tar} xf -'
bindir='${exec_prefix}/bin'
build='x86_64-unknown-linux-gnu'
build_alias=''
build_cpu='x86_64'
build_os='linux-gnu'
build_vendor='unknown'
datadir='${datarootdir}'
datarootdir='${prefix}/share'
docdir='${datarootdir}/doc/${PACKAGE_TARNAME}'
dvidir='${docdir}'
exec_prefix='${prefix}'
host='x86_64-unknown-linux-gnu'
host_alias=''
host_cpu='x86_64'
host_os='linux-gnu'
host_vendor='unknown'
htmldir='${docdir}'
includedir='${prefix}/include'
infodir='${datarootdir}/info'
install_sh='${SHELL} /home/user/htop-2.2.0/install-sh'
libdir='${exec_prefix}/lib'
libexecdir='${exec_prefix}/libexec'
localedir='${datarootdir}/locale'
localstatedir='${prefix}/var'
mandir='${datarootdir}/man'
mkdir_p='$(MKDIR_P)'
my_htop_platform='linux'
oldincludedir='/usr/include'
pdfdir='${docdir}'
prefix='/usr/local'
program_transform_name='s,x,x,'
psdir='${docdir}'
sbindir='${exec_prefix}/sbin'
sharedstatedir='${prefix}/com'
sysconfdir='${prefix}/etc'
target='x86_64-unknown-linux-gnu'
target_alias=''
target_cpu='x86_64'
target_os='linux-gnu'
target_vendor='unknown'
wextra_flag='-Wextra'

## ----------- ##
## confdefs.h. ##
## ----------- ##

/* confdefs.h */
#define PACKAGE_NAME "htop"
#define PACKAGE_TARNAME "htop"
#define PACKAGE_VERSION "2.2.0"
#define PACKAGE_STRING "htop 2.2.0"
#define PACKAGE_BUGREPORT "hisham@gobolinux.org"
#define PACKAGE_URL ""
#define PACKAGE "htop"
#define VERSION "2.2.0"
#define STDC_HEADERS 1
#define HAVE_SYS_TYPES_H 1
#define HAVE_SYS_STAT_H 1
#define HAVE_STDLIB_H 1
#define HAVE_STRING_H 1
#define HAVE_MEMORY_H 1
#define HAVE_STRINGS_H 1
#define HAVE_INTTYPES_H 1
#define HAVE_STDINT_H 1
#define HAVE_UNISTD_H 1
#define __EXTENSIONS__ 1
#define _ALL_SOURCE 1
#define _GNU_SOURCE 1
#define _POSIX_PTHREAD_SEMANTICS 1
#define _TANDEM_SOURCE 1
#define HAVE_LIBM 1
#define HAVE_DIRENT_H 1
#define STDC_HEADERS 1
#define HAVE_STDLIB_H 1
#define HAVE_STRING_H 1
#define HAVE_STRINGS_H 1
#define HAVE_SYS_PARAM_H 1
#define HAVE_SYS_TIME_H 1
#define HAVE_UNISTD_H 1
#define HAVE_EXECINFO_H 1
#define HAVE__BOOL 1
#define HAVE_STDBOOL_H 1
#define RETSIGTYPE void
#define LSTAT_FOLLOWS_SLASHED_SYMLINK 1
#define HAVE_MEMMOVE 1
#define HAVE_STRNCASECMP 1
#define HAVE_STRSTR 1
#define HAVE_STRDUP 1
#define PROCDIR "/proc"
#define HAVE_TASKSTATS 1
#define HAVE_LIBNCURSESW 1
#define HAVE_NCURSESW_CURSES_H 1
#define HAVE_LINUX_AFFINITY 1
#define COPYRIGHT "(C) 2004-2021 Hisham Muhammad"

configure: exit 0
